<?xml version="1.0" encoding="UTF-8"?>
<testng-results ignored="0" total="2" passed="2" failed="0" skipped="0">
  <reporter-output>
  </reporter-output>
  <suite started-at="2026-04-21T22:51:24 CST" name="Default suite" finished-at="2026-04-21T22:55:33 CST" duration-ms="248669">
    <groups>
      <group name="cucumber">
        <method signature="AbstractTestNGCucumberTests.runScenario(io.cucumber.testng.PickleWrapper,io.cucumber.testng.FeatureWrapper)[pri:0, instance:com.TestRunner.runner@7c1e2a9e]" name="runScenario" class="io.cucumber.testng.AbstractTestNGCucumberTests"/>
      </group> <!-- cucumber -->
    </groups>
    <test started-at="2026-04-21T22:51:24 CST" name="Default test" finished-at="2026-04-21T22:55:33 CST" duration-ms="248669">
      <class name="com.TestRunner.runner">
        <test-method is-config="true" signature="setUpClass(org.testng.ITestContext)[pri:0, instance:com.TestRunner.runner@7c1e2a9e]" started-at="2026-04-21T22:51:24 CST" name="setUpClass" finished-at="2026-04-21T22:51:25 CST" duration-ms="1550" status="PASS">
          <params>
            <param index="0">
              <value>
                <![CDATA[org.testng.TestRunner@71eff6a3]]>
              </value>
            </param>
          </params>
          <reporter-output>
          </reporter-output>
        </test-method> <!-- setUpClass -->
        <test-method signature="runScenario(io.cucumber.testng.PickleWrapper,io.cucumber.testng.FeatureWrapper)[pri:0, instance:com.TestRunner.runner@7c1e2a9e]" started-at="2026-04-21T22:51:26 CST" name="runScenario" description="Runs Cucumber Scenarios" data-provider="scenarios" finished-at="2026-04-21T22:54:19 CST" duration-ms="173036" status="PASS">
          <params>
            <param index="0">
              <value>
                <![CDATA["To add employee"]]>
              </value>
            </param>
            <param index="1">
              <value>
                <![CDATA["To validate the Orange HRM Application"]]>
              </value>
            </param>
          </params>
          <reporter-output>
          </reporter-output>
        </test-method> <!-- runScenario -->
        <test-method signature="runScenario(io.cucumber.testng.PickleWrapper,io.cucumber.testng.FeatureWrapper)[pri:0, instance:com.TestRunner.runner@7c1e2a9e]" started-at="2026-04-21T22:54:19 CST" name="runScenario" description="Runs Cucumber Scenarios" data-provider="scenarios" finished-at="2026-04-21T22:55:31 CST" duration-ms="72770" status="PASS">
          <params>
            <param index="0">
              <value>
                <![CDATA["To validate filtering employee"]]>
              </value>
            </param>
            <param index="1">
              <value>
                <![CDATA["To validate the Orange HRM Application"]]>
              </value>
            </param>
          </params>
          <reporter-output>
          </reporter-output>
        </test-method> <!-- runScenario -->
        <test-method is-config="true" signature="tearDownClass()[pri:0, instance:com.TestRunner.runner@7c1e2a9e]" started-at="2026-04-21T22:55:31 CST" name="tearDownClass" finished-at="2026-04-21T22:55:33 CST" duration-ms="1170" status="PASS">
          <reporter-output>
          </reporter-output>
        </test-method> <!-- tearDownClass -->
      </class> <!-- com.TestRunner.runner -->
    </test> <!-- Default test -->
  </suite> <!-- Default suite -->
</testng-results>
